-------------------------------------------------------------------------------
Test set: com.chimera.contract.SkillsInterfaceTest
-------------------------------------------------------------------------------
Tests run: 2, Failures: 2, Errors: 0, Skipped: 0, Time elapsed: 0.030 s <<< FAILURE! -- in com.chimera.contract.SkillsInterfaceTest
com.chimera.contract.SkillsInterfaceTest.generateMediaArtifactSkill_exposesBudgetAwareFailureHandling -- Time elapsed: 0.019 s <<< FAILURE!
org.opentest4j.AssertionFailedError: Expected backend source file 'GenerateMediaArtifactSkill.java' to exist for the documented skills contract
	at com.chimera.contract.SkillsInterfaceTest.lambda$findSourceFile$1(SkillsInterfaceTest.java:111)
	at java.base/java.util.Optional.orElseThrow(Optional.java:403)
	at com.chimera.contract.SkillsInterfaceTest.findSourceFile(SkillsInterfaceTest.java:111)
	at com.chimera.contract.SkillsInterfaceTest.loadType(SkillsInterfaceTest.java:100)
	at com.chimera.contract.SkillsInterfaceTest.generateMediaArtifactSkill_exposesBudgetAwareFailureHandling(SkillsInterfaceTest.java:52)
	at java.base/java.lang.reflect.Method.invoke(Method.java:565)
	at java.base/java.util.ArrayList.forEach(ArrayList.java:1604)
	at java.base/java.util.ArrayList.forEach(ArrayList.java:1604)

com.chimera.contract.SkillsInterfaceTest.ingestPlatformSignalsSkill_acceptsDocumentedRequestEnvelope -- Time elapsed: 0.009 s <<< FAILURE!
org.opentest4j.AssertionFailedError: Expected backend source file 'IngestPlatformSignalsSkill.java' to exist for the documented skills contract
	at com.chimera.contract.SkillsInterfaceTest.lambda$findSourceFile$1(SkillsInterfaceTest.java:111)
	at java.base/java.util.Optional.orElseThrow(Optional.java:403)
	at com.chimera.contract.SkillsInterfaceTest.findSourceFile(SkillsInterfaceTest.java:111)
	at com.chimera.contract.SkillsInterfaceTest.loadType(SkillsInterfaceTest.java:100)
	at com.chimera.contract.SkillsInterfaceTest.ingestPlatformSignalsSkill_acceptsDocumentedRequestEnvelope(SkillsInterfaceTest.java:29)
	at java.base/java.lang.reflect.Method.invoke(Method.java:565)
	at java.base/java.util.ArrayList.forEach(ArrayList.java:1604)
	at java.base/java.util.ArrayList.forEach(ArrayList.java:1604)

