<?xml version="1.0" encoding="UTF-8"?>
<testsuite xmlns:xsi="http://www.w3.org/2001/XMLSchema-instance" xsi:noNamespaceSchemaLocation="https://maven.apache.org/surefire/maven-surefire-plugin/xsd/surefire-test-report.xsd" version="3.0.2" name="com.chimera.contract.WalletContractTest" time="0.013" tests="3" errors="0" skipped="0" failures="0">
  <properties>
[...]
</properties>
  <testcase name="walletView_hasExpectedShape" classname="com.chimera.contract.WalletContractTest" time="0.006"/>
  <testcase name="transactionRequestInput_hasDirectionAndAmount" classname="com.chimera.contract.WalletContractTest" time="0.001"/>
  <testcase name="transactionRequestView_hasPolicyFlags" classname="com.chimera.contract.WalletContractTest" time="0.001"/>
</testsuite>